第1页
第2页
第3页
第4页
第5页
第6页
第7页
第8页
第9页
第10页
第11页
第12页
第13页
第14页
第15页
第16页
第17页
第18页
第19页
第20页
第21页
第22页
第23页
第24页
第25页
第26页
第27页
第28页
第29页
第30页
第31页
第32页
第33页
第34页
第35页
第36页
第37页
第38页
第39页
第40页
第41页
第42页
第43页
第44页
第45页
第46页
第47页
第48页
第49页
第50页
第51页
第52页
第53页
第54页
第55页
第56页
第57页
第58页
第59页
第60页
第61页
第62页
第63页
第64页
第65页
第66页
第67页
第68页
第69页
第70页
第71页
第72页
第73页
第74页
第75页
第76页
第77页
第78页
第79页
第80页
第81页
第82页
第83页
第84页
第85页
第86页
第87页
第88页
第89页
第90页
第91页
第92页
第93页
第94页
第95页
第96页
第97页
已到最后一页, 结束
第98页
成功下载第1张图片: http://img1.blog.eastmoney.com/cr/crystalran/201406/20140606192641199.jpg
成功下载第2张图片: http://img5.niutuku.com/phone/1301/2229/2229-niutuku.com-302665.jpg
成功下载第3张图片: http://p0.qhimgs4.com/t01e14f92507c5ce393.jpg
成功下载第4张图片: http://dingyue.nosdn.127.net/PD3qhH09KCMYedU4K0eZAPO4ENjiU2N7ZyIUdJkOyk=qs1501229758468compressflag.jpg
成功下载第5张图片: http://img2015.zdface.com/20170314/8f0bf11f8ec6e3c1c0cdfd4a60cdd79a.jpg
成功下载第6张图片: http://img.article.pchome.net/00/45/50/20/pic_lib/s960x639/12s960x639.jpg
成功下载第7张图片: http://image4.pinlue.com/img86/5b0988e595225/images/20171231/c6c52b4b9e5c4a7fb69ce4a6a076cfc0.jpeg
成功下载第8张图片: http://res.ladyband.com/2018/01-04/05/0bbcf59e4bfc95c3074954705dce1ea6.jpeg
成功下载第9张图片: http://c4.haibao.cn/img/600_0_100_1/1501590509.6088/565aedd8137f622f9833903307bd7149.jpg
成功下载第10张图片: http://pic.chinaz.com/2018/0105/18010500385572362.jpg
成功下载第11张图片: http://i2.hdslb.com/bfs/archive/c41018f65cf13a1529c03377467c840b883f1a2b.jpg
成功下载第12张图片: http://upload.qinbei.com/2014/0402/1396424535936.jpg
成功下载第13张图片: http://res.ladyband.com/2017/12-09/05/91b313bc3ead64c5b19d81b435373b07.jpg
成功下载第14张图片: http://s6.sinaimg.cn/middle/818fda2agb3dc35c2ead5&690
成功下载第15张图片: http://s14.sinaimg.cn/middle/4dad8f93g7824909fc76d&690
成功下载第16张图片: http://img01.hc360.com/cloth/201405/201405070944038686.jpg
成功下载第17张图片: http://cdn.k618img.cn/news.k618.cn/society/201801/W020180103636536074756.png
成功下载第18张图片: http://n6.cmsfile.pg0.cn/group4/M00/06/38/CgoOFVpQIgSAcf9_AAXGZAs_FI079.jpeg?enable=&qt=75
成功下载第19张图片: http://res.ladyband.com/2017/11-13/04/b9ab01c2dfcf0d37530f646e52d6af60.jpg
成功下载第20张图片: http://www.sinaimg.cn/dy/slidenews/24_img/2014_19/56776_1005242_967007.jpg
成功下载第21张图片: http://upload.taihainet.com/news/UploadFiles_6334/201509/20150908191614734.jpg
成功下载第22张图片: http://img003.21cnimg.com/photos/album/20140627/m600/5A54FAFB594E7762CED4F27959CF7D5E.png
成功下载第23张图片: http://img.zynews.com/attachement/jpg/site2/20120706/00219761fd20116097b740.jpg
成功下载第24张图片: http://cimage.tianjimedia.com/uploadImages/thirdImages/2018/007/7PWTK65C74U8.jpg
成功下载第25张图片: http://image.cnwest.com/attachement/jpg/site1/20131209/3354422616404870802.jpg
成功下载第26张图片: http://s7.sinaimg.cn/mw690/006ISjVbzy79Xc9M0cec6&690
成功下载第27张图片: http://www.cqtimes.cn/Uploads/Picture/2017-10-30/201710300625305605tlh2.jpg
成功下载第28张图片: http://img3.yxlady.com/yl/UploadFiles_5361/20150419/20150419175219337.jpg
成功下载第29张图片: http://cdn.bjinnovate.com/uploads/2017-10-22/464278617203515578.jpg
成功下载第30张图片: http://res.ladyband.com/2018/01-04/05/08e740ab9d187c683426de5a108d902d.jpeg
成功下载第31张图片: http://res.ladyband.com/2017/12-30/05/84dc974cbd21be85ee39579bcf7da8eb.jpg
成功下载第32张图片: http://img2.ph.126.net/pbYpQgKo